2024-03-20 11:15:16 0 [Note] Starting MariaDB 11.3.2-MariaDB source revision 068a6819eb63bcb01fdfa037c9bf3bf63c33ee42 as process 17004
2024-03-20 11:15:16 0 [Note] InnoDB: The first data file './ibdata1' did not exist. A new tablespace will be created!
2024-03-20 11:15:16 0 [Note] InnoDB: Compressed tables use zlib 1.3
2024-03-20 11:15:16 0 [Note] InnoDB: Number of transaction pools: 1
2024-03-20 11:15:16 0 [Note] InnoDB: Using crc32 + pclmulqdq instructions
2024-03-20 11:15:16 0 [Note] InnoDB: Initializing buffer pool, total size = 20.000MiB, chunk size = 1.000MiB
2024-03-20 11:15:16 0 [Note] InnoDB: Completed initialization of buffer pool
2024-03-20 11:15:16 0 [Note] InnoDB: Setting file './ibdata1' size to 12.000MiB. Physically writing the file full; Please wait ...
2024-03-20 11:15:16 0 [Note] InnoDB: File './ibdata1' size is now 12.000MiB.
2024-03-20 11:15:16 0 [Note] InnoDB: File system buffers for log disabled (block size=4096 bytes)
2024-03-20 11:15:16 0 [Note] InnoDB: Data file .//undo001 did not exist: new to be created
2024-03-20 11:15:16 0 [Note] InnoDB: Setting file .//undo001 size to 10.000MiB
2024-03-20 11:15:16 0 [Note] InnoDB: Database physically writes the file full: wait...
2024-03-20 11:15:16 0 [Note] InnoDB: Data file .//undo002 did not exist: new to be created
2024-03-20 11:15:16 0 [Note] InnoDB: Setting file .//undo002 size to 10.000MiB
2024-03-20 11:15:16 0 [Note] InnoDB: Database physically writes the file full: wait...
2024-03-20 11:15:16 0 [Note] InnoDB: Data file .//undo003 did not exist: new to be created
2024-03-20 11:15:16 0 [Note] InnoDB: Setting file .//undo003 size to 10.000MiB
2024-03-20 11:15:16 0 [Note] InnoDB: Database physically writes the file full: wait...
2024-03-20 11:15:16 0 [Note] InnoDB: Doublewrite buffer not found: creating new
2024-03-20 11:15:16 0 [Note] InnoDB: Opened 3 undo tablespaces
2024-03-20 11:15:16 0 [Note] InnoDB: 128 rollback segments in 3 undo tablespaces are active.
2024-03-20 11:15:16 0 [Note] InnoDB: Setting file './ibtmp1' size to 12.000MiB. Physically writing the file full; Please wait ...
2024-03-20 11:15:16 0 [Note] InnoDB: File './ibtmp1' size is now 12.000MiB.
2024-03-20 11:15:16 0 [Note] InnoDB: log sequence number 0; transaction id 3
2024-03-20 11:15:16 0 [Note] Plugin 'FEEDBACK' is disabled.
2024-03-20 11:15:16 0 [Note] mysqld.exe: SSPI: using principal name 'pz24gvr@eduvaud.ch', mech 'Negotiate'
2024-03-20 11:15:30 0 [Note] Starting MariaDB 11.3.2-MariaDB source revision 068a6819eb63bcb01fdfa037c9bf3bf63c33ee42 as process 11960
2024-03-20 11:15:30 0 [Note] InnoDB: Compressed tables use zlib 1.3
2024-03-20 11:15:30 0 [Note] InnoDB: Number of transaction pools: 1
2024-03-20 11:15:30 0 [Note] InnoDB: Using crc32 + pclmulqdq instructions
2024-03-20 11:15:30 0 [Note] InnoDB: Initializing buffer pool, total size = 128.000MiB, chunk size = 2.000MiB
2024-03-20 11:15:30 0 [Note] InnoDB: Completed initialization of buffer pool
2024-03-20 11:15:30 0 [Note] InnoDB: File system buffers for log disabled (block size=4096 bytes)
2024-03-20 11:15:30 0 [Note] InnoDB: End of log at LSN=47763
2024-03-20 11:15:30 0 [Note] InnoDB: Opened 3 undo tablespaces
2024-03-20 11:15:30 0 [Note] InnoDB: 128 rollback segments in 3 undo tablespaces are active.
2024-03-20 11:15:30 0 [Note] InnoDB: Setting file './ibtmp1' size to 12.000MiB. Physically writing the file full; Please wait ...
2024-03-20 11:15:30 0 [Note] InnoDB: File './ibtmp1' size is now 12.000MiB.
2024-03-20 11:15:30 0 [Note] InnoDB: log sequence number 47763; transaction id 14
2024-03-20 11:15:30 0 [Note] Plugin 'FEEDBACK' is disabled.
2024-03-20 11:15:30 0 [Note] InnoDB: Loading buffer pool(s) from C:\Users\pz24gvr\Desktop\mariadb\data\ib_buffer_pool
2024-03-20 11:15:30 0 [Note] mysqld.exe: SSPI: using principal name 'pz24gvr@eduvaud.ch', mech 'Negotiate'
2024-03-20 11:15:30 0 [Note] InnoDB: Buffer pool(s) load completed at 240320 11:15:30
2024-03-20 11:15:30 0 [Note] Server socket created on IP: '::'.
2024-03-20 11:15:30 0 [Note] Server socket created on IP: '0.0.0.0'.
2024-03-20 11:15:30 0 [Note] mysqld.exe: Event Scheduler: Loaded 0 events
2024-03-20 11:15:30 0 [Note] mysqld.exe: ready for connections.
Version: '11.3.2-MariaDB'  socket: ''  port: 3306  mariadb.org binary distribution
2024-03-20 11:15:36 0 [Note] console_event_handler: received CTRL_C_EVENT event, shutting down
2024-03-20 11:15:36 0 [Note] mysqld.exe (initiated by: unknown): Normal shutdown
2024-03-20 11:15:36 0 [Note] InnoDB: FTS optimize thread exiting.
2024-03-20 11:15:36 0 [Note] InnoDB: Starting shutdown...
2024-03-20 11:15:36 0 [Note] InnoDB: Dumping buffer pool(s) to C:\Users\pz24gvr\Desktop\mariadb\data\ib_buffer_pool
2024-03-20 11:15:36 0 [Note] InnoDB: Buffer pool(s) dump completed at 240320 11:15:36
2024-03-20 11:15:36 0 [Note] InnoDB: Removed temporary tablespace data file: "./ibtmp1"
2024-03-20 11:15:36 0 [Note] InnoDB: Shutdown completed; log sequence number 47763; transaction id 15
2024-03-20 11:15:36 0 [Note] mysqld.exe: Shutdown complete

2024-03-27 15:46:36 0 [Note] Starting MariaDB 11.3.2-MariaDB source revision 068a6819eb63bcb01fdfa037c9bf3bf63c33ee42 as process 19828
2024-03-27 15:46:36 0 [Note] InnoDB: Compressed tables use zlib 1.3
2024-03-27 15:46:36 0 [Note] InnoDB: Number of transaction pools: 1
2024-03-27 15:46:36 0 [Note] InnoDB: Using crc32 + pclmulqdq instructions
2024-03-27 15:46:36 0 [Note] InnoDB: Initializing buffer pool, total size = 128.000MiB, chunk size = 2.000MiB
2024-03-27 15:46:36 0 [Note] InnoDB: Completed initialization of buffer pool
2024-03-27 15:46:36 0 [Note] InnoDB: File system buffers for log disabled (block size=4096 bytes)
2024-03-27 15:46:36 0 [Note] InnoDB: Starting crash recovery from checkpoint LSN=111399
2024-03-27 15:46:36 0 [Note] InnoDB: End of log at LSN=114881
2024-03-27 15:46:36 0 [Note] InnoDB: To recover: 25 pages
2024-03-27 15:46:36 0 [Note] InnoDB: Opened 3 undo tablespaces
2024-03-27 15:46:36 0 [Note] InnoDB: 128 rollback segments in 3 undo tablespaces are active.
2024-03-27 15:46:36 0 [Note] InnoDB: Removed temporary tablespace data file: "./ibtmp1"
2024-03-27 15:46:36 0 [Note] InnoDB: Setting file './ibtmp1' size to 12.000MiB. Physically writing the file full; Please wait ...
2024-03-27 15:46:36 0 [Note] InnoDB: File './ibtmp1' size is now 12.000MiB.
2024-03-27 15:46:36 0 [Note] InnoDB: log sequence number 114881; transaction id 156
2024-03-27 15:46:36 0 [Note] Plugin 'FEEDBACK' is disabled.
2024-03-27 15:46:36 0 [Note] InnoDB: Loading buffer pool(s) from C:\Users\pz24gvr\Desktop\mariadb\data\ib_buffer_pool
2024-03-27 15:46:36 0 [Note] mysqld.exe: SSPI: using principal name 'pz24gvr@eduvaud.ch', mech 'Negotiate'
2024-03-27 15:46:36 0 [ERROR] mysqld.exe: unknown option '-i'
2024-03-27 15:46:36 0 [ERROR] Aborting
2024-03-27 15:46:40 0 [Note] Starting MariaDB 11.3.2-MariaDB source revision 068a6819eb63bcb01fdfa037c9bf3bf63c33ee42 as process 10224
2024-03-27 15:46:40 0 [Note] InnoDB: Compressed tables use zlib 1.3
2024-03-27 15:46:40 0 [Note] InnoDB: Number of transaction pools: 1
2024-03-27 15:46:40 0 [Note] InnoDB: Using crc32 + pclmulqdq instructions
2024-03-27 15:46:40 0 [Note] InnoDB: Initializing buffer pool, total size = 128.000MiB, chunk size = 2.000MiB
2024-03-27 15:46:40 0 [Note] InnoDB: Completed initialization of buffer pool
2024-03-27 15:46:40 0 [Note] InnoDB: File system buffers for log disabled (block size=4096 bytes)
2024-03-27 15:46:40 0 [Note] InnoDB: End of log at LSN=115261
2024-03-27 15:46:40 0 [Note] InnoDB: Opened 3 undo tablespaces
2024-03-27 15:46:40 0 [Note] InnoDB: 128 rollback segments in 3 undo tablespaces are active.
2024-03-27 15:46:40 0 [Note] InnoDB: Setting file './ibtmp1' size to 12.000MiB. Physically writing the file full; Please wait ...
2024-03-27 15:46:40 0 [Note] InnoDB: File './ibtmp1' size is now 12.000MiB.
2024-03-27 15:46:40 0 [Note] InnoDB: log sequence number 115261; transaction id 156
2024-03-27 15:46:40 0 [Note] Plugin 'FEEDBACK' is disabled.
2024-03-27 15:46:40 0 [Note] InnoDB: Loading buffer pool(s) from C:\Users\pz24gvr\Desktop\mariadb\data\ib_buffer_pool
2024-03-27 15:46:40 0 [Note] mysqld.exe: SSPI: using principal name 'pz24gvr@eduvaud.ch', mech 'Negotiate'
2024-03-27 15:46:40 0 [ERROR] mysqld.exe: unknown option '-i'
2024-03-27 15:46:40 0 [ERROR] Aborting
2024-03-27 15:56:16 0 [Note] Starting MariaDB 11.3.2-MariaDB source revision 068a6819eb63bcb01fdfa037c9bf3bf63c33ee42 as process 8300
2024-03-27 15:56:16 0 [ERROR] InnoDB: The data file './ibdata1' must be writable
2024-03-27 15:56:16 0 [ERROR] InnoDB: The data file './ibdata1' must be writable
2024-03-27 15:56:16 0 [ERROR] Plugin 'InnoDB' registration as a STORAGE ENGINE failed.
2024-03-27 15:56:16 0 [Note] Plugin 'FEEDBACK' is disabled.
2024-03-27 15:56:16 0 [Note] mysqld.exe: SSPI: using principal name 'pz24gvr@eduvaud.ch', mech 'Negotiate'
2024-03-27 15:56:16 0 [ERROR] mysqld.exe: unknown option '--isntall'
2024-03-27 15:56:16 0 [ERROR] Aborting
